# JRE version: Java(TM) SE Runtime Environment (24.0+36) (build 24+36-3646)
# Java VM: Java HotSpot(TM) 64-Bit Server VM (24+36-3646, mixed mode, sharing, tiered, compressed oops, compressed class ptrs, g1 gc, windows-amd64)
GC Precious Log:
 CardTable entry size: 512
 Card Set container configuration: InlinePtr #cards 5 size 8 Array Of Cards #cards 10 size 36 Howl #buckets 4 coarsen threshold 1843 Howl Bitmap #cards 512 size 80 coarsen threshold 460 Card regions per heap region 1 cards per card region 2048
 CPUs: 12 total, 12 available
 Memory: 7860M
 Large Page Support: Disabled
 NUMA Support: Disabled
 Compressed Oops: Enabled (32-bit)
 Heap Region Size: 1M
 Heap Min Capacity: 8M
 Heap Initial Capacity: 124M
 Heap Max Capacity: 2G
 Pre-touch: Disabled
 Parallel Workers: 10
 Concurrent Workers: 3
 Concurrent Refinement Workers: 10
 Periodic GC: Disabled
Heap:
 garbage-first heap   total reserved 2097152K, committed 281600K, used 111857K [0x0000000080000000, 0x0000000100000000)
  region size 1024K, 4 young (4096K), 4 survivors (4096K)
 Metaspace       used 134965K, committed 137216K, reserved 1179648K
  class space    used 14359K, committed 15424K, reserved 1048576K
GC Heap History (20 events):
Event: 89.221 GC heap after
{Heap after GC invocations=42 (full 0):
 garbage-first heap   total reserved 2097152K, committed 181248K, used 103421K [0x0000000080000000, 0x0000000100000000)
  region size 1024K, 5 young (5120K), 5 survivors (5120K)
 Metaspace       used 134578K, committed 136832K, reserved 1179648K
  class space    used 14334K, committed 15360K, reserved 1048576K
}
Event: 89.783 GC heap before
{Heap before GC invocations=43 (full 0):
 garbage-first heap   total reserved 2097152K, committed 181248K, used 165885K [0x0000000080000000, 0x0000000100000000)
  region size 1024K, 65 young (66560K), 5 survivors (5120K)
 Metaspace       used 134749K, committed 136960K, reserved 1179648K
  class space    used 14358K, committed 15424K, reserved 1048576K
}
Event: 89.794 GC heap after
{Heap after GC invocations=44 (full 0):
 garbage-first heap   total reserved 2097152K, committed 181248K, used 108558K [0x0000000080000000, 0x0000000100000000)
  region size 1024K, 8 young (8192K), 8 survivors (8192K)
 Metaspace       used 134749K, committed 136960K, reserved 1179648K
  class space    used 14358K, committed 15424K, reserved 1048576K
}
Event: 89.927 GC heap before
{Heap before GC invocations=44 (full 0):
 garbage-first heap   total reserved 2097152K, committed 181248K, used 160782K [0x0000000080000000, 0x0000000100000000)
  region size 1024K, 60 young (61440K), 8 survivors (8192K)
 Metaspace       used 134781K, committed 137024K, reserved 1179648K
  class space    used 14359K, committed 15424K, reserved 1048576K
}
Event: 89.942 GC heap after
{Heap after GC invocations=45 (full 0):
 garbage-first heap   total reserved 2097152K, committed 181248K, used 100851K [0x0000000080000000, 0x0000000100000000)
  region size 1024K, 5 young (5120K), 5 survivors (5120K)
 Metaspace       used 134781K, committed 137024K, reserved 1179648K
  class space    used 14359K, committed 15424K, reserved 1048576K
}
Event: 90.191 GC heap before
{Heap before GC invocations=45 (full 0):
 garbage-first heap   total reserved 2097152K, committed 181248K, used 164339K [0x0000000080000000, 0x0000000100000000)
  region size 1024K, 68 young (69632K), 5 survivors (5120K)
 Metaspace       used 134834K, committed 137088K, reserved 1179648K
  class space    used 14359K, committed 15424K, reserved 1048576K
}
Event: 90.200 GC heap after
{Heap after GC invocations=46 (full 0):
 garbage-first heap   total reserved 2097152K, committed 181248K, used 103943K [0x0000000080000000, 0x0000000100000000)
  region size 1024K, 7 young (7168K), 7 survivors (7168K)
 Metaspace       used 134834K, committed 137088K, reserved 1179648K
  class space    used 14359K, committed 15424K, reserved 1048576K
}
Event: 90.909 GC heap before
{Heap before GC invocations=47 (full 0):
 garbage-first heap   total reserved 2097152K, committed 181248K, used 164359K [0x0000000080000000, 0x0000000100000000)
  region size 1024K, 64 young (65536K), 7 survivors (7168K)
 Metaspace       used 134852K, committed 137152K, reserved 1179648K
  class space    used 14359K, committed 15424K, reserved 1048576K
}
Event: 90.919 GC heap after
{Heap after GC invocations=48 (full 0):
 garbage-first heap   total reserved 2097152K, committed 181248K, used 106746K [0x0000000080000000, 0x0000000100000000)
  region size 1024K, 6 young (6144K), 6 survivors (6144K)
 Metaspace       used 134852K, committed 137152K, reserved 1179648K
  class space    used 14359K, committed 15424K, reserved 1048576K
}
Event: 91.346 GC heap before
{Heap before GC invocations=48 (full 0):
 garbage-first heap   total reserved 2097152K, committed 181248K, used 164090K [0x0000000080000000, 0x0000000100000000)
  region size 1024K, 62 young (63488K), 6 survivors (6144K)
 Metaspace       used 134919K, committed 137152K, reserved 1179648K
  class space    used 14359K, committed 15424K, reserved 1048576K
}
Event: 92.309 GC heap after
{Heap after GC invocations=49 (full 0):
 garbage-first heap   total reserved 2097152K, committed 281600K, used 107115K [0x0000000080000000, 0x0000000100000000)
  region size 1024K, 5 young (5120K), 5 survivors (5120K)
 Metaspace       used 134919K, committed 137152K, reserved 1179648K
  class space    used 14359K, committed 15424K, reserved 1048576K
}
Event: 92.361 GC heap before
{Heap before GC invocations=49 (full 0):
 garbage-first heap   total reserved 2097152K, committed 281600K, used 115307K [0x0000000080000000, 0x0000000100000000)
  region size 1024K, 13 young (13312K), 5 survivors (5120K)
 Metaspace       used 134932K, committed 137216K, reserved 1179648K
  class space    used 14359K, committed 15424K, reserved 1048576K
}
Event: 92.367 GC heap after
{Heap after GC invocations=50 (full 0):
 garbage-first heap   total reserved 2097152K, committed 281600K, used 109035K [0x0000000080000000, 0x0000000100000000)
  region size 1024K, 1 young (1024K), 1 survivors (1024K)
 Metaspace       used 134932K, committed 137216K, reserved 1179648K
  class space    used 14359K, committed 15424K, reserved 1048576K
}
Event: 92.453 GC heap before
{Heap before GC invocations=51 (full 0):
 garbage-first heap   total reserved 2097152K, committed 281600K, used 121323K [0x0000000080000000, 0x0000000100000000)
  region size 1024K, 13 young (13312K), 1 survivors (1024K)
 Metaspace       used 134941K, committed 137216K, reserved 1179648K
  class space    used 14359K, committed 15424K, reserved 1048576K
}
Event: 92.457 GC heap after
{Heap after GC invocations=52 (full 0):
 garbage-first heap   total reserved 2097152K, committed 281600K, used 109568K [0x0000000080000000, 0x0000000100000000)
  region size 1024K, 1 young (1024K), 1 survivors (1024K)
 Metaspace       used 134941K, committed 137216K, reserved 1179648K
  class space    used 14359K, committed 15424K, reserved 1048576K
}
Event: 92.488 GC heap before
{Heap before GC invocations=52 (full 0):
 garbage-first heap   total reserved 2097152K, committed 281600K, used 120832K [0x0000000080000000, 0x0000000100000000)
  region size 1024K, 13 young (13312K), 1 survivors (1024K)
 Metaspace       used 134941K, committed 137216K, reserved 1179648K
  class space    used 14359K, committed 15424K, reserved 1048576K
}
Event: 92.491 GC heap after
{Heap after GC invocations=53 (full 0):
 garbage-first heap   total reserved 2097152K, committed 281600K, used 109192K [0x0000000080000000, 0x0000000100000000)
  region size 1024K, 2 young (2048K), 2 survivors (2048K)
 Metaspace       used 134941K, committed 137216K, reserved 1179648K
  class space    used 14359K, committed 15424K, reserved 1048576K
}
Event: 92.514 GC heap before
{Heap before GC invocations=53 (full 0):
 garbage-first heap   total reserved 2097152K, committed 281600K, used 119432K [0x0000000080000000, 0x0000000100000000)
  region size 1024K, 13 young (13312K), 2 survivors (2048K)
 Metaspace       used 134944K, committed 137216K, reserved 1179648K
  class space    used 14359K, committed 15424K, reserved 1048576K
}
Event: 92.519 GC heap after
{Heap after GC invocations=54 (full 0):
 garbage-first heap   total reserved 2097152K, committed 281600K, used 109769K [0x0000000080000000, 0x0000000100000000)
  region size 1024K, 1 young (1024K), 1 survivors (1024K)
 Metaspace       used 134944K, committed 137216K, reserved 1179648K
  class space    used 14359K, committed 15424K, reserved 1048576K
}
Event: 92.705 GC heap before
{Heap before GC invocations=54 (full 0):
 garbage-first heap   total reserved 2097152K, committed 281600K, used 185545K [0x0000000080000000, 0x0000000100000000)
  region size 1024K, 75 young (76800K), 1 survivors (1024K)
 Metaspace       used 134965K, committed 137216K, reserved 1179648K
  class space    used 14359K, committed 15424K, reserved 1048576K
}

